0 info it worked if it ends with ok
1 verbose cli [ 'node', '/usr/local/bin/npm', 'install' ]
2 info using npm@1.4.28
3 info using node@v0.10.35
4 verbose readDependencies using package.json deps
5 verbose install where, deps [ '/Users/jmounagu/Documents/workarea/projects/nodejs/sheetSync',
5 verbose install   [ 'express', 'mongodb', 'body-parser' ] ]
6 info preinstall SheetSync@0.0.1
7 verbose readDependencies using package.json deps
8 verbose already installed skipping express@^4.8.0 /Users/jmounagu/Documents/workarea/projects/nodejs/sheetSync
9 verbose already installed skipping mongodb@* /Users/jmounagu/Documents/workarea/projects/nodejs/sheetSync
10 verbose cache add [ 'body-parser@*', null ]
11 verbose cache add name=undefined spec="body-parser@*" args=["body-parser@*",null]
12 verbose parsed url { protocol: null,
12 verbose parsed url   slashes: null,
12 verbose parsed url   auth: null,
12 verbose parsed url   host: null,
12 verbose parsed url   port: null,
12 verbose parsed url   hostname: null,
12 verbose parsed url   hash: null,
12 verbose parsed url   search: null,
12 verbose parsed url   query: null,
12 verbose parsed url   pathname: 'body-parser@*',
12 verbose parsed url   path: 'body-parser@*',
12 verbose parsed url   href: 'body-parser@*' }
13 verbose cache add name="body-parser" spec="*" args=["body-parser","*"]
14 verbose parsed url { protocol: null,
14 verbose parsed url   slashes: null,
14 verbose parsed url   auth: null,
14 verbose parsed url   host: null,
14 verbose parsed url   port: null,
14 verbose parsed url   hostname: null,
14 verbose parsed url   hash: null,
14 verbose parsed url   search: null,
14 verbose parsed url   query: null,
14 verbose parsed url   pathname: '*',
14 verbose parsed url   path: '*',
14 verbose parsed url   href: '*' }
15 verbose addNamed [ 'body-parser', '*' ]
16 verbose addNamed [ null, '*' ]
17 silly lockFile 12b67fc9-body-parser body-parser@*
18 verbose lock body-parser@* /Users/jmounagu/.npm/12b67fc9-body-parser.lock
19 silly addNameRange { name: 'body-parser', range: '*', hasData: false }
20 verbose request where is /body-parser
21 verbose request registry https://registry.npmjs.org/
22 verbose request id 8e0642a4cad63071
23 verbose url raw /body-parser
24 verbose url resolving [ 'https://registry.npmjs.org/', './body-parser' ]
25 verbose url resolved https://registry.npmjs.org/body-parser
26 verbose request where is https://registry.npmjs.org/body-parser
27 info trying registry request attempt 1 at 08:22:45
28 verbose etag "2B36CLIDT055CQ4DVPUCO0GJ5"
29 http GET https://registry.npmjs.org/body-parser
30 http 304 https://registry.npmjs.org/body-parser
31 silly registry.get cb [ 304,
31 silly registry.get   { date: 'Sat, 27 Dec 2014 16:22:46 GMT',
31 silly registry.get     server: 'Apache',
31 silly registry.get     via: '1.1 varnish',
31 silly registry.get     'last-modified': 'Sat, 27 Dec 2014 16:22:46 GMT',
31 silly registry.get     'cache-control': 'max-age=60',
31 silly registry.get     etag: '"2B36CLIDT055CQ4DVPUCO0GJ5"',
31 silly registry.get     age: '0',
31 silly registry.get     'x-served-by': 'cache-sjc3124-SJC',
31 silly registry.get     'x-cache': 'HIT',
31 silly registry.get     'x-cache-hits': '1',
31 silly registry.get     'x-timer': 'S1419697366.123524,VS0,VE148',
31 silly registry.get     vary: 'Accept',
31 silly registry.get     'content-length': '0',
31 silly registry.get     'keep-alive': 'timeout=10, max=50',
31 silly registry.get     connection: 'Keep-Alive' } ]
32 verbose etag https://registry.npmjs.org/body-parser from cache
33 silly addNameRange number 2 { name: 'body-parser', range: '*', hasData: true }
34 silly addNameRange versions [ 'body-parser',
34 silly addNameRange   [ '1.0.0',
34 silly addNameRange     '1.0.1',
34 silly addNameRange     '1.0.2',
34 silly addNameRange     '1.1.0',
34 silly addNameRange     '1.1.1',
34 silly addNameRange     '1.1.2',
34 silly addNameRange     '1.2.0',
34 silly addNameRange     '1.2.1',
34 silly addNameRange     '1.2.2',
34 silly addNameRange     '1.3.0',
34 silly addNameRange     '1.3.1',
34 silly addNameRange     '1.4.0',
34 silly addNameRange     '1.4.1',
34 silly addNameRange     '1.4.2',
34 silly addNameRange     '1.4.3',
34 silly addNameRange     '1.5.0',
34 silly addNameRange     '1.5.1',
34 silly addNameRange     '1.5.2',
34 silly addNameRange     '1.6.0',
34 silly addNameRange     '1.6.1',
34 silly addNameRange     '1.6.2',
34 silly addNameRange     '1.6.3',
34 silly addNameRange     '1.6.4',
34 silly addNameRange     '1.6.5',
34 silly addNameRange     '1.6.6',
34 silly addNameRange     '1.6.7',
34 silly addNameRange     '1.7.0',
34 silly addNameRange     '1.8.0',
34 silly addNameRange     '1.8.1',
34 silly addNameRange     '1.8.2',
34 silly addNameRange     '1.8.3',
34 silly addNameRange     '1.8.4',
34 silly addNameRange     '1.9.0',
34 silly addNameRange     '1.9.1',
34 silly addNameRange     '1.9.2',
34 silly addNameRange     '1.9.3',
34 silly addNameRange     '1.10.0' ] ]
35 verbose addNamed [ 'body-parser', '1.10.0' ]
36 verbose addNamed [ '1.10.0', '1.10.0' ]
37 silly lockFile 17c720c0-body-parser-1-10-0 body-parser@1.10.0
38 verbose lock body-parser@1.10.0 /Users/jmounagu/.npm/17c720c0-body-parser-1-10-0.lock
39 silly lockFile 85818e41-dy-parser-body-parser-1-10-0-tgz https://registry.npmjs.org/body-parser/-/body-parser-1.10.0.tgz
40 verbose lock https://registry.npmjs.org/body-parser/-/body-parser-1.10.0.tgz /Users/jmounagu/.npm/85818e41-dy-parser-body-parser-1-10-0-tgz.lock
41 verbose addRemoteTarball [ 'https://registry.npmjs.org/body-parser/-/body-parser-1.10.0.tgz',
41 verbose addRemoteTarball   'f884d11839af09e3c61e5011059e29cbfe452085' ]
42 info retry fetch attempt 1 at 08:22:46
43 verbose fetch to= /var/folders/dm/6k3bjd3j3bv2c_p14nshkg_h0009q0/T/npm-72861-MIZbVFkl/registry.npmjs.org/body-parser/-/body-parser-1.10.0.tgz
44 http GET https://registry.npmjs.org/body-parser/-/body-parser-1.10.0.tgz
45 http 200 https://registry.npmjs.org/body-parser/-/body-parser-1.10.0.tgz
46 silly lockFile 85818e41-dy-parser-body-parser-1-10-0-tgz https://registry.npmjs.org/body-parser/-/body-parser-1.10.0.tgz
47 silly lockFile 85818e41-dy-parser-body-parser-1-10-0-tgz https://registry.npmjs.org/body-parser/-/body-parser-1.10.0.tgz
48 silly lockFile 17c720c0-body-parser-1-10-0 body-parser@1.10.0
49 silly lockFile 17c720c0-body-parser-1-10-0 body-parser@1.10.0
50 silly lockFile 12b67fc9-body-parser body-parser@*
51 silly lockFile 12b67fc9-body-parser body-parser@*
52 error Error: EACCES, mkdir '/Users/jmounagu/.npm/body-parser/1.10.0'
52 error  { [Error: EACCES, mkdir '/Users/jmounagu/.npm/body-parser/1.10.0']
52 error   errno: 3,
52 error   code: 'EACCES',
52 error   path: '/Users/jmounagu/.npm/body-parser/1.10.0',
52 error   parent: 'SheetSync' }
53 error Please try running this command again as root/Administrator.
54 error System Darwin 13.1.0
55 error command "node" "/usr/local/bin/npm" "install"
56 error cwd /Users/jmounagu/Documents/workarea/projects/nodejs/sheetSync
57 error node -v v0.10.35
58 error npm -v 1.4.28
59 error path /Users/jmounagu/.npm/body-parser/1.10.0
60 error code EACCES
61 error errno 3
62 error stack Error: EACCES, mkdir '/Users/jmounagu/.npm/body-parser/1.10.0'
63 verbose exit [ 3, true ]
